<?xml version="1.0" encoding="UTF-8"?>
<testng-results ignored="0" total="1" passed="1" failed="0" skipped="0">
  <reporter-output>
  </reporter-output>
  <suite started-at="2024-07-01T11:54:18 IST" name="Default suite" finished-at="2024-07-01T11:54:21 IST" duration-ms="3282">
    <groups>
    </groups>
    <test started-at="2024-07-01T11:54:18 IST" name="Default test" finished-at="2024-07-01T11:54:21 IST" duration-ms="3282">
      <class name="firstDemopack.Test2">
        <test-method signature="postCityPopulation()[pri:0, instance:firstDemopack.Test2@159f197]" started-at="2024-07-01T11:54:18 IST" name="postCityPopulation" finished-at="2024-07-01T11:54:21 IST" duration-ms="3255" status="PASS">
          <reporter-output>
          </reporter-output>
        </test-method> <!-- postCityPopulation -->
      </class> <!-- firstDemopack.Test2 -->
    </test> <!-- Default test -->
  </suite> <!-- Default suite -->
</testng-results>
