<?xml version="1.0" encoding="UTF-8"?>
<testng-results ignored="0" total="1" passed="1" failed="0" skipped="0">
  <reporter-output>
  </reporter-output>
  <suite started-at="2024-07-01T17:34:24 IST" name="Default suite" finished-at="2024-07-01T17:34:27 IST" duration-ms="2093">
    <groups>
    </groups>
    <test started-at="2024-07-01T17:34:24 IST" name="Default test" finished-at="2024-07-01T17:34:27 IST" duration-ms="2093">
      <class name="Pack1.TestGetReq">
        <test-method signature="checkSecond()[pri:0, instance:Pack1.TestGetReq@1cbbffcd]" started-at="2024-07-01T17:34:25 IST" name="checkSecond" finished-at="2024-07-01T17:34:27 IST" duration-ms="2061" status="PASS">
          <reporter-output>
          </reporter-output>
        </test-method> <!-- checkSecond -->
      </class> <!-- Pack1.TestGetReq -->
    </test> <!-- Default test -->
  </suite> <!-- Default suite -->
</testng-results>
