<?xml version="1.0" encoding="UTF-8"?>
<testng-results ignored="0" total="1" passed="1" failed="0" skipped="0">
  <reporter-output>
  </reporter-output>
  <suite started-at="2024-07-01T11:57:02 IST" name="Default suite" finished-at="2024-07-01T11:57:04 IST" duration-ms="2200">
    <groups>
    </groups>
    <test started-at="2024-07-01T11:57:02 IST" name="Default test" finished-at="2024-07-01T11:57:04 IST" duration-ms="2200">
      <class name="Pack1.Test1">
        <test-method signature="checkSecond()[pri:0, instance:Pack1.Test1@3d74bf60]" started-at="2024-07-01T11:57:02 IST" name="checkSecond" finished-at="2024-07-01T11:57:04 IST" duration-ms="2168" status="PASS">
          <reporter-output>
          </reporter-output>
        </test-method> <!-- checkSecond -->
      </class> <!-- Pack1.Test1 -->
    </test> <!-- Default test -->
  </suite> <!-- Default suite -->
</testng-results>
